<?xml version="1.0" encoding="UTF-8" standalone="no"?>
<testsuite failures="0" name="cucumber.runtime.formatter.JUnitFormatter" skipped="0" tests="1" time="28.245345">
<testcase classname="Create contacts" name="create a new contact" time="28.245345">
<system-out><![CDATA[Given user should be present on login page..................................passed
When title of login page is Freecrm.........................................passed
Then user enters the "ajaykhurgaonkar@gmail.com" and "@Chennaimedukhi1".....passed
Then user enters the home page..............................................passed
Then user moves to new contacts.............................................passed
Then user enters "Ajay" and "k" and "Owner".................................passed
Then close the browser......................................................passed
]]></system-out>
</testcase>
</testsuite>
