<?xml version="1.0" encoding="UTF-8"?>
<testng-results ignored="0" total="0" passed="0" failed="0" skipped="0">
  <reporter-output>
  </reporter-output>
  <suite started-at="2019-06-23T08:21:00Z" name="Runner.TestRunner" finished-at="2019-06-23T08:21:00Z" duration-ms="3">
    <groups>
    </groups>
    <test started-at="2019-06-23T08:21:00Z" name="Command line test" finished-at="2019-06-23T08:21:00Z" duration-ms="3">
    </test> <!-- Command line test -->
  </suite> <!-- Runner.TestRunner -->
</testng-results>
